<?xml version="1.0" encoding="UTF-8"?>
<testng-results ignored="0" total="1" passed="1" failed="0" skipped="0">
  <reporter-output>
  </reporter-output>
  <suite started-at="2021-12-09T11:31:17 IST" name="Default suite" finished-at="2021-12-09T11:31:52 IST" duration-ms="34670">
    <groups>
    </groups>
    <test started-at="2021-12-09T11:31:17 IST" name="Default test" finished-at="2021-12-09T11:31:52 IST" duration-ms="34670">
      <class name="sampletest.NewTest">
        <test-method signature="testone()[pri:0, instance:sampletest.NewTest@73700b80]" started-at="2021-12-09T11:31:18 IST" name="testone" finished-at="2021-12-09T11:31:52 IST" duration-ms="34624" status="PASS">
          <reporter-output>
          </reporter-output>
        </test-method> <!-- testone -->
      </class> <!-- sampletest.NewTest -->
    </test> <!-- Default test -->
  </suite> <!-- Default suite -->
</testng-results>
