<?xml version="1.0" encoding="UTF-8"?>
<testng-results ignored="0" total="2" passed="2" failed="0" skipped="0">
  <reporter-output>
  </reporter-output>
  <suite started-at="2021-11-30T13:20:51 IST" name="Default suite" finished-at="2021-11-30T13:21:00 IST" duration-ms="9119">
    <groups>
    </groups>
    <test started-at="2021-11-30T13:20:51 IST" name="Default test" finished-at="2021-11-30T13:21:00 IST" duration-ms="9119">
      <class name="selenium.NewTest">
        <test-method is-config="true" signature="init()[pri:0, instance:selenium.NewTest@2053d869]" started-at="2021-11-30T13:20:51 IST" name="init" finished-at="2021-11-30T13:20:55 IST" duration-ms="4283" status="PASS">
          <reporter-output>
          </reporter-output>
        </test-method> <!-- init -->
        <test-method signature="login()[pri:0, instance:selenium.NewTest@2053d869]" started-at="2021-11-30T13:20:55 IST" name="login" finished-at="2021-11-30T13:21:00 IST" duration-ms="4740" status="PASS">
          <reporter-output>
          </reporter-output>
        </test-method> <!-- login -->
        <test-method signature="urltescase()[pri:0, instance:selenium.NewTest@2053d869]" started-at="2021-11-30T13:21:00 IST" name="urltescase" finished-at="2021-11-30T13:21:00 IST" duration-ms="29" status="PASS">
          <reporter-output>
          </reporter-output>
        </test-method> <!-- urltescase -->
      </class> <!-- selenium.NewTest -->
    </test> <!-- Default test -->
  </suite> <!-- Default suite -->
</testng-results>
